[2025-10-30 18:18:05Z INFO HostContext] No proxy settings were found based on environmental variables (http_proxy/https_proxy/HTTP_PROXY/HTTPS_PROXY)
[2025-10-30 18:18:05Z INFO HostContext] Well known directory 'Bin': 'D:\cna_assign\terraform\actions-runner\bin'
[2025-10-30 18:18:05Z INFO HostContext] Well known directory 'Root': 'D:\cna_assign\terraform\actions-runner'
[2025-10-30 18:18:05Z INFO HostContext] Well known config file 'Credentials': 'D:\cna_assign\terraform\actions-runner\.credentials'
[2025-10-30 18:18:06Z INFO HostContext] Well known directory 'Bin': 'D:\cna_assign\terraform\actions-runner\bin'
[2025-10-30 18:18:06Z INFO HostContext] Well known directory 'Root': 'D:\cna_assign\terraform\actions-runner'
[2025-10-30 18:18:06Z INFO HostContext] Well known config file 'Runner': 'D:\cna_assign\terraform\actions-runner\.runner'
[2025-10-30 18:18:06Z INFO Listener] Runner is built for Windows (X64) - win-x64.
[2025-10-30 18:18:06Z INFO Listener] RuntimeInformation: Microsoft Windows 10.0.26200.
[2025-10-30 18:18:06Z INFO Listener] Version: 2.329.0
[2025-10-30 18:18:06Z INFO Listener] Commit: c76c59996c8fa32e989164a5a695efb12608ae5a
[2025-10-30 18:18:06Z INFO Listener] Culture: en-IN
[2025-10-30 18:18:06Z INFO Listener] UI Culture: en-US
[2025-10-30 18:18:06Z INFO HostContext] Well known directory 'Bin': 'D:\cna_assign\terraform\actions-runner\bin'
[2025-10-30 18:18:06Z INFO HostContext] Well known directory 'Root': 'D:\cna_assign\terraform\actions-runner'
[2025-10-30 18:18:06Z INFO Listener] Validating directory permissions for: 'D:\cna_assign\terraform\actions-runner'
[2025-10-30 18:18:06Z INFO CommandLineParser] Parse
[2025-10-30 18:18:06Z INFO CommandLineParser] Parsing 1 args
[2025-10-30 18:18:06Z INFO CommandLineParser] parsing argument
[2025-10-30 18:18:06Z INFO CommandLineParser] HasArgs: False
[2025-10-30 18:18:06Z INFO CommandLineParser] Adding Command: run
[2025-10-30 18:18:06Z INFO Listener] Arguments parsed
[2025-10-30 18:18:06Z INFO Runner] ExecuteCommand
[2025-10-30 18:18:06Z INFO ConfigurationStore] currentAssemblyLocation: D:\cna_assign\terraform\actions-runner\bin\Runner.Listener.dll
[2025-10-30 18:18:06Z INFO HostContext] Well known directory 'Bin': 'D:\cna_assign\terraform\actions-runner\bin'
[2025-10-30 18:18:06Z INFO ConfigurationStore] binPath: D:\cna_assign\terraform\actions-runner\bin
[2025-10-30 18:18:06Z INFO HostContext] Well known directory 'Bin': 'D:\cna_assign\terraform\actions-runner\bin'
[2025-10-30 18:18:06Z INFO HostContext] Well known directory 'Root': 'D:\cna_assign\terraform\actions-runner'
[2025-10-30 18:18:06Z INFO ConfigurationStore] RootFolder: D:\cna_assign\terraform\actions-runner
[2025-10-30 18:18:06Z INFO HostContext] Well known directory 'Bin': 'D:\cna_assign\terraform\actions-runner\bin'
[2025-10-30 18:18:06Z INFO HostContext] Well known directory 'Root': 'D:\cna_assign\terraform\actions-runner'
[2025-10-30 18:18:06Z INFO HostContext] Well known config file 'Runner': 'D:\cna_assign\terraform\actions-runner\.runner'
[2025-10-30 18:18:06Z INFO ConfigurationStore] ConfigFilePath: D:\cna_assign\terraform\actions-runner\.runner
[2025-10-30 18:18:06Z INFO HostContext] Well known directory 'Bin': 'D:\cna_assign\terraform\actions-runner\bin'
[2025-10-30 18:18:06Z INFO HostContext] Well known directory 'Root': 'D:\cna_assign\terraform\actions-runner'
[2025-10-30 18:18:06Z INFO HostContext] Well known config file 'MigratedRunner': 'D:\cna_assign\terraform\actions-runner\.runner_migrated'
[2025-10-30 18:18:06Z INFO ConfigurationStore] MigratedConfigFilePath: D:\cna_assign\terraform\actions-runner\.runner_migrated
[2025-10-30 18:18:06Z INFO HostContext] Well known directory 'Bin': 'D:\cna_assign\terraform\actions-runner\bin'
[2025-10-30 18:18:06Z INFO HostContext] Well known directory 'Root': 'D:\cna_assign\terraform\actions-runner'
[2025-10-30 18:18:06Z INFO HostContext] Well known config file 'Credentials': 'D:\cna_assign\terraform\actions-runner\.credentials'
[2025-10-30 18:18:06Z INFO ConfigurationStore] CredFilePath: D:\cna_assign\terraform\actions-runner\.credentials
[2025-10-30 18:18:06Z INFO HostContext] Well known directory 'Bin': 'D:\cna_assign\terraform\actions-runner\bin'
[2025-10-30 18:18:06Z INFO HostContext] Well known directory 'Root': 'D:\cna_assign\terraform\actions-runner'
[2025-10-30 18:18:06Z INFO HostContext] Well known config file 'MigratedCredentials': 'D:\cna_assign\terraform\actions-runner\.credentials_migrated'
[2025-10-30 18:18:06Z INFO ConfigurationStore] MigratedCredFilePath: D:\cna_assign\terraform\actions-runner\.credentials_migrated
[2025-10-30 18:18:06Z INFO HostContext] Well known directory 'Bin': 'D:\cna_assign\terraform\actions-runner\bin'
[2025-10-30 18:18:06Z INFO HostContext] Well known directory 'Root': 'D:\cna_assign\terraform\actions-runner'
[2025-10-30 18:18:06Z INFO HostContext] Well known config file 'Service': 'D:\cna_assign\terraform\actions-runner\.service'
[2025-10-30 18:18:06Z INFO ConfigurationStore] ServiceConfigFilePath: D:\cna_assign\terraform\actions-runner\.service
[2025-10-30 18:18:06Z INFO CommandSettings] Flag 'help': 'False'
[2025-10-30 18:18:06Z INFO CommandSettings] Flag 'version': 'False'
[2025-10-30 18:18:06Z INFO CommandSettings] Flag 'commit': 'False'
[2025-10-30 18:18:06Z INFO CommandSettings] Flag 'check': 'False'
[2025-10-30 18:18:06Z INFO CommandSettings] Command 'configure': 'False'
[2025-10-30 18:18:06Z INFO CommandSettings] Command 'remove': 'False'
[2025-10-30 18:18:06Z INFO CommandSettings] Command 'warmup': 'False'
[2025-10-30 18:18:06Z INFO ConfigurationManager] LoadSettings
[2025-10-30 18:18:06Z INFO ConfigurationStore] IsConfigured()
[2025-10-30 18:18:06Z INFO ConfigurationStore] IsConfigured: True
[2025-10-30 18:18:06Z INFO ConfigurationManager] Is configured: True
[2025-10-30 18:18:06Z INFO ConfigurationStore] Read setting file: 404 chars
[2025-10-30 18:18:06Z INFO ConfigurationManager] Settings Loaded
[2025-10-30 18:18:06Z INFO ConfigurationStore] IsServiceConfigured()
[2025-10-30 18:18:06Z INFO ConfigurationStore] IsServiceConfigured: False
[2025-10-30 18:18:06Z INFO CommandSettings] Command 'run': 'True'
[2025-10-30 18:18:06Z INFO ConfigurationStore] IsConfigured()
[2025-10-30 18:18:06Z INFO ConfigurationStore] IsConfigured: True
[2025-10-30 18:18:06Z INFO ConfigurationManager] Is configured: True
[2025-10-30 18:18:06Z INFO Runner] Could not parse the argument value '' for StartupType. Defaulting to Manual
[2025-10-30 18:18:06Z INFO Runner] Set runner startup type - Manual
[2025-10-30 18:18:06Z INFO CommandSettings] Flag 'once': 'False'
[2025-10-30 18:18:06Z INFO CommandSettings] Flag 'once': 'False'
[2025-10-30 18:18:06Z INFO Runner] RunAsync
[2025-10-30 18:18:06Z INFO ConfigurationManager] LoadMigratedSettings
[2025-10-30 18:18:06Z INFO ConfigurationStore] IsMigratedConfigured()
[2025-10-30 18:18:06Z INFO ConfigurationStore] IsMigratedConfigured: False
[2025-10-30 18:18:06Z INFO Runner] Failed to load migrated settings: No migrated configuration found.
[2025-10-30 18:18:06Z INFO Runner] Falling back to original .runner settings
[2025-10-30 18:18:06Z INFO Runner] Using BrokerMessageListener
[2025-10-30 18:18:06Z INFO BrokerMessageListener] Using provided settings
[2025-10-30 18:18:06Z INFO BrokerMessageListener] {
  "AgentId": 21,
  "AgentName": "LAPTOP-CKC0FOTL",
  "PoolId": 1,
  "PoolName": "Default",
  "ServerUrl": "https://pipelinesghubeus14.actions.githubusercontent.com/S04E0yGygpX5HtTdCEWkkheJGElsLIHDYVbkTg6BoLhR1cjVVx/",
  "GitHubUrl": "https://github.com/Pranavsol/cna_assignment",
  "WorkFolder": "_work",
  "UseV2Flow": true,
  "ServerUrlV2": "https://broker.actions.githubusercontent.com/"
}
[2025-10-30 18:18:06Z INFO BrokerMessageListener] Loading Credentials
[2025-10-30 18:18:06Z INFO ConfigurationStore] HasCredentials()
[2025-10-30 18:18:06Z INFO ConfigurationStore] stored True
[2025-10-30 18:18:06Z INFO CredentialManager] GetCredentialProvider
[2025-10-30 18:18:06Z INFO CredentialManager] Creating type OAuth
[2025-10-30 18:18:06Z INFO CredentialManager] Creating credential type: OAuth
[2025-10-30 18:18:06Z INFO HostContext] Well known directory 'Bin': 'D:\cna_assign\terraform\actions-runner\bin'
[2025-10-30 18:18:06Z INFO HostContext] Well known directory 'Root': 'D:\cna_assign\terraform\actions-runner'
[2025-10-30 18:18:06Z INFO HostContext] Well known config file 'RSACredentials': 'D:\cna_assign\terraform\actions-runner\.credentials_rsaparams'
[2025-10-30 18:18:06Z INFO RSAEncryptedFileKeyManager] Loading RSA key parameters from file D:\cna_assign\terraform\actions-runner\.credentials_rsaparams
[2025-10-30 18:18:06Z INFO BrokerMessageListener] Attempt to create session.
[2025-10-30 18:18:06Z INFO BrokerMessageListener] Connecting to the Broker Server...
[2025-10-30 18:18:06Z INFO ConfigurationStore] HasCredentials()
[2025-10-30 18:18:06Z INFO ConfigurationStore] stored True
[2025-10-30 18:18:06Z INFO CredentialManager] GetCredentialProvider
[2025-10-30 18:18:06Z INFO CredentialManager] Creating type OAuth
[2025-10-30 18:18:06Z INFO CredentialManager] Creating credential type: OAuth
[2025-10-30 18:18:06Z INFO RSAEncryptedFileKeyManager] Loading RSA key parameters from file D:\cna_assign\terraform\actions-runner\.credentials_rsaparams
[2025-10-30 18:18:06Z INFO BrokerMessageListener] VssConnection created
[2025-10-30 18:18:06Z INFO BrokerMessageListener] Connecting to the Runner server...
[2025-10-30 18:18:06Z INFO RunnerServer] EstablishVssConnection
[2025-10-30 18:18:06Z INFO RunnerServer] Establish connection with 100 seconds timeout.
[2025-10-30 18:18:06Z INFO GitHubActionsService] Starting operation Location.GetConnectionData
[2025-10-30 18:18:06Z INFO RunnerServer] EstablishVssConnection
[2025-10-30 18:18:06Z INFO RunnerServer] Establish connection with 60 seconds timeout.
[2025-10-30 18:18:06Z INFO GitHubActionsService] Starting operation Location.GetConnectionData
[2025-10-30 18:18:06Z INFO RunnerServer] EstablishVssConnection
[2025-10-30 18:18:06Z INFO RunnerServer] Establish connection with 60 seconds timeout.
[2025-10-30 18:18:06Z INFO GitHubActionsService] Starting operation Location.GetConnectionData
